<?xml version="1.0" encoding="UTF-8"?>
<!-- Generated by org.testng.reporters.JUnitXMLReporter -->
<testsuite hostname="L-1T7D622" name="testGuru1" tests="1" failures="1" timestamp="8 Dec 2015 09:27:17 GMT" time="10.009" errors="0">
  <testcase name="click_automatemenuitem" time="0.021" classname="com.snapdeal.webautomation.browserstack.menubaritems">
    <failure type="java.lang.NullPointerException">
      <![CDATA[java.lang.NullPointerException
	at com.snapdeal.webautomation.browserstack.menubaritems.click_automatemenuitem(menubaritems.java:61)
	at java.util.concurrent.ThreadPoolExecutor.runWorker(ThreadPoolExecutor.java:1142)
	at java.util.concurrent.ThreadPoolExecutor$Worker.run(ThreadPoolExecutor.java:617)
	at java.lang.Thread.run(Thread.java:745)
... Removed 10 stack frames]]>
    </failure>
  </testcase> <!-- click_automatemenuitem -->
</testsuite> <!-- testGuru1 -->
